<?xml version="1.0" encoding="UTF-8"?>
<!-- Generated by org.testng.reporters.JUnitReportReporter -->
<testsuite hostname="ALOSH" failures="0" tests="5" name="WebTesting.TestDemo" time="41.197" errors="0" timestamp="2021-07-29T08:43:44 PDT" skipped="0">
  <testcase classname="WebTesting.TestDemo" name="testOne" time="8.207"/>
  <system-out/>
  <testcase classname="WebTesting.TestDemo" name="testTwo" time="8.199"/>
  <system-out/>
  <testcase classname="WebTesting.TestDemo" name="testThree" time="8.272"/>
  <system-out/>
  <testcase classname="WebTesting.TestDemo" name="testFour" time="8.276"/>
  <system-out/>
  <testcase classname="WebTesting.TestDemo" name="testFive" time="8.243"/>
  <system-out/>
</testsuite> <!-- WebTesting.TestDemo -->
